2017-11-22 20:52:57.511 DEBUG [main]io.netty.util.internal.logging.InternalLoggerFactory.debug:71 -Using SLF4J as the default logging framework
2017-11-22 20:52:57.567 DEBUG [main]io.netty.channel.MultithreadEventLoopGroup.debug:76 --Dio.netty.eventLoopThreads: 8
2017-11-22 20:52:57.867 DEBUG [main]io.netty.util.internal.PlatformDependent0.debug:76 -java.nio.Buffer.address: available
2017-11-22 20:52:57.868 DEBUG [main]io.netty.util.internal.PlatformDependent0.debug:76 -sun.misc.Unsafe.theUnsafe: available
2017-11-22 20:52:57.868 DEBUG [main]io.netty.util.internal.PlatformDependent0.debug:71 -sun.misc.Unsafe.copyMemory: available
2017-11-22 20:52:57.871 DEBUG [main]io.netty.util.internal.PlatformDependent0.debug:76 -java.nio.Bits.unaligned: true
2017-11-22 20:52:57.872 DEBUG [main]io.netty.util.internal.PlatformDependent.debug:71 -Platform: Windows
2017-11-22 20:52:57.873 DEBUG [main]io.netty.util.internal.PlatformDependent.debug:76 -Java version: 8
2017-11-22 20:52:57.878 DEBUG [main]io.netty.util.internal.PlatformDependent.debug:76 --Dio.netty.noUnsafe: false
2017-11-22 20:52:57.878 DEBUG [main]io.netty.util.internal.PlatformDependent.debug:76 -sun.misc.Unsafe: available
2017-11-22 20:52:57.879 DEBUG [main]io.netty.util.internal.PlatformDependent.debug:76 --Dio.netty.noJavassist: false
2017-11-22 20:52:57.881 DEBUG [main]io.netty.util.internal.PlatformDependent.debug:71 -Javassist: unavailable
2017-11-22 20:52:57.881 DEBUG [main]io.netty.util.internal.PlatformDependent.debug:71 -You don't have Javassist in your class path or you don't have enough permission to load dynamically generated classes.  Please check the configuration for better performance.
2017-11-22 20:52:57.882 DEBUG [main]io.netty.util.internal.PlatformDependent.debug:76 --Dio.netty.tmpdir: C:\Users\DELL\AppData\Local\Temp (java.io.tmpdir)
2017-11-22 20:52:57.882 DEBUG [main]io.netty.util.internal.PlatformDependent.debug:76 --Dio.netty.bitMode: 64 (sun.arch.data.model)
2017-11-22 20:52:57.883 DEBUG [main]io.netty.util.internal.PlatformDependent.debug:76 --Dio.netty.noPreferDirect: false
2017-11-22 20:52:57.884 DEBUG [main]io.netty.channel.nio.NioEventLoop.debug:76 --Dio.netty.noKeySetOptimization: false
2017-11-22 20:52:57.884 DEBUG [main]io.netty.channel.nio.NioEventLoop.debug:76 --Dio.netty.selectorAutoRebuildThreshold: 512
2017-11-22 20:52:59.454 DEBUG [main]io.netty.channel.DefaultChannelId.debug:76 --Dio.netty.processId: 5988 (auto-detected)
2017-11-22 20:53:00.163 DEBUG [main]io.netty.channel.DefaultChannelId.debug:76 --Dio.netty.machineId: 98:54:1b:ff:fe:4d:a3:3c (auto-detected)
2017-11-22 20:53:00.166 DEBUG [main]io.netty.util.internal.ThreadLocalRandom.debug:71 --Dio.netty.initialSeedUniquifier: 0x8306c43f0252b549 (took 44 ms)
2017-11-22 20:53:00.323 DEBUG [main]io.netty.buffer.PooledByteBufAllocator.debug:76 --Dio.netty.allocator.numHeapArenas: 4
2017-11-22 20:53:00.324 DEBUG [main]io.netty.buffer.PooledByteBufAllocator.debug:76 --Dio.netty.allocator.numDirectArenas: 4
2017-11-22 20:53:00.326 DEBUG [main]io.netty.buffer.PooledByteBufAllocator.debug:76 --Dio.netty.allocator.pageSize: 8192
2017-11-22 20:53:00.328 DEBUG [main]io.netty.buffer.PooledByteBufAllocator.debug:76 --Dio.netty.allocator.maxOrder: 11
2017-11-22 20:53:00.328 DEBUG [main]io.netty.buffer.PooledByteBufAllocator.debug:76 --Dio.netty.allocator.chunkSize: 16777216
2017-11-22 20:53:00.328 DEBUG [main]io.netty.buffer.PooledByteBufAllocator.debug:76 --Dio.netty.allocator.tinyCacheSize: 512
2017-11-22 20:53:00.329 DEBUG [main]io.netty.buffer.PooledByteBufAllocator.debug:76 --Dio.netty.allocator.smallCacheSize: 256
2017-11-22 20:53:00.330 DEBUG [main]io.netty.buffer.PooledByteBufAllocator.debug:76 --Dio.netty.allocator.normalCacheSize: 64
2017-11-22 20:53:00.330 DEBUG [main]io.netty.buffer.PooledByteBufAllocator.debug:76 --Dio.netty.allocator.maxCachedBufferCapacity: 32768
2017-11-22 20:53:00.330 DEBUG [main]io.netty.buffer.PooledByteBufAllocator.debug:76 --Dio.netty.allocator.cacheTrimInterval: 8192
2017-11-22 20:53:00.349 DEBUG [main]io.netty.buffer.ByteBufUtil.debug:76 --Dio.netty.allocator.type: pooled
2017-11-22 20:53:00.352 DEBUG [main]io.netty.buffer.ByteBufUtil.debug:76 --Dio.netty.threadLocalDirectBufferSize: 65536
2017-11-22 20:53:00.520 DEBUG [nioEventLoopGroup-0-0]io.netty.util.ResourceLeakDetector.debug:81 --Dio.netty.leakDetectionLevel: simple
2017-11-22 20:53:00.542 DEBUG [nioEventLoopGroup-0-0]io.netty.util.Recycler.debug:76 --Dio.netty.recycler.maxCapacity: 262144
